{"/Users/ovidiuparasca/stacks-and-queues/lib/node.js": {"path":"/Users/ovidiuparasca/stacks-and-queues/lib/node.js","statementMap":{"0":{"start":{"line":5,"column":4},"end":{"line":5,"column":23}},"1":{"start":{"line":6,"column":4},"end":{"line":6,"column":21}},"2":{"start":{"line":10,"column":0},"end":{"line":10,"column":22}}},"fnMap":{"0":{"name":"(anonymous_0)","decl":{"start":{"line":4,"column":2},"end":{"line":4,"column":3}},"loc":{"start":{"line":4,"column":21},"end":{"line":7,"column":3}},"line":4}},"branchMap":{},"s":{"0":15,"1":15,"2":3},"f":{"0":15},"b":{},"_coverageSchema":"332fd63041d2c1bcb487cc26dd0d5f7d97098a6c","hash":"5b2a562a582dd373e52176116d17c71edf2b85ac"}
,"/Users/ovidiuparasca/stacks-and-queues/lib/queue.js": {"path":"/Users/ovidiuparasca/stacks-and-queues/lib/queue.js","statementMap":{"0":{"start":{"line":3,"column":13},"end":{"line":3,"column":33}},"1":{"start":{"line":8,"column":4},"end":{"line":8,"column":21}},"2":{"start":{"line":9,"column":4},"end":{"line":9,"column":20}},"3":{"start":{"line":13,"column":15},"end":{"line":13,"column":30}},"4":{"start":{"line":16,"column":4},"end":{"line":21,"column":5}},"5":{"start":{"line":17,"column":6},"end":{"line":17,"column":23}},"6":{"start":{"line":18,"column":6},"end":{"line":18,"column":22}},"7":{"start":{"line":20,"column":6},"end":{"line":20,"column":18}},"8":{"start":{"line":23,"column":22},"end":{"line":23,"column":31}},"9":{"start":{"line":24,"column":4},"end":{"line":26,"column":5}},"10":{"start":{"line":25,"column":6},"end":{"line":25,"column":37}},"11":{"start":{"line":28,"column":4},"end":{"line":28,"column":28}},"12":{"start":{"line":29,"column":4},"end":{"line":29,"column":18}},"13":{"start":{"line":31,"column":4},"end":{"line":31,"column":16}},"14":{"start":{"line":35,"column":4},"end":{"line":37,"column":5}},"15":{"start":{"line":36,"column":6},"end":{"line":36,"column":18}},"16":{"start":{"line":39,"column":18},"end":{"line":39,"column":32}},"17":{"start":{"line":40,"column":4},"end":{"line":40,"column":31}},"18":{"start":{"line":41,"column":4},"end":{"line":41,"column":18}},"19":{"start":{"line":43,"column":4},"end":{"line":43,"column":19}},"20":{"start":{"line":47,"column":4},"end":{"line":47,"column":32}},"21":{"start":{"line":51,"column":4},"end":{"line":51,"column":27}},"22":{"start":{"line":55,"column":0},"end":{"line":55,"column":23}}},"fnMap":{"0":{"name":"(anonymous_0)","decl":{"start":{"line":7,"column":2},"end":{"line":7,"column":3}},"loc":{"start":{"line":7,"column":16},"end":{"line":10,"column":3}},"line":7},"1":{"name":"(anonymous_1)","decl":{"start":{"line":12,"column":2},"end":{"line":12,"column":3}},"loc":{"start":{"line":12,"column":17},"end":{"line":32,"column":3}},"line":12},"2":{"name":"(anonymous_2)","decl":{"start":{"line":34,"column":2},"end":{"line":34,"column":3}},"loc":{"start":{"line":34,"column":12},"end":{"line":44,"column":3}},"line":34},"3":{"name":"(anonymous_3)","decl":{"start":{"line":46,"column":2},"end":{"line":46,"column":3}},"loc":{"start":{"line":46,"column":14},"end":{"line":48,"column":3}},"line":46},"4":{"name":"(anonymous_4)","decl":{"start":{"line":50,"column":2},"end":{"line":50,"column":3}},"loc":{"start":{"line":50,"column":19},"end":{"line":52,"column":3}},"line":50}},"branchMap":{"0":{"loc":{"start":{"line":16,"column":4},"end":{"line":21,"column":5}},"type":"if","locations":[{"start":{"line":16,"column":4},"end":{"line":21,"column":5}},{"start":{"line":16,"column":4},"end":{"line":21,"column":5}}],"line":16},"1":{"loc":{"start":{"line":35,"column":4},"end":{"line":37,"column":5}},"type":"if","locations":[{"start":{"line":35,"column":4},"end":{"line":37,"column":5}},{"start":{"line":35,"column":4},"end":{"line":37,"column":5}}],"line":35}},"s":{"0":1,"1":1,"2":1,"3":8,"4":8,"5":2,"6":2,"7":2,"8":6,"9":6,"10":6,"11":6,"12":6,"13":6,"14":6,"15":0,"16":6,"17":6,"18":6,"19":6,"20":1,"21":1,"22":1},"f":{"0":1,"1":8,"2":6,"3":1,"4":1},"b":{"0":[2,6],"1":[0,6]},"_coverageSchema":"332fd63041d2c1bcb487cc26dd0d5f7d97098a6c","hash":"a7a42d24d3aef0489c79cffac9fa8951f93ad004"}
,"/Users/ovidiuparasca/stacks-and-queues/lib/stack.js": {"path":"/Users/ovidiuparasca/stacks-and-queues/lib/stack.js","statementMap":{"0":{"start":{"line":3,"column":13},"end":{"line":3,"column":33}},"1":{"start":{"line":8,"column":4},"end":{"line":8,"column":21}},"2":{"start":{"line":9,"column":4},"end":{"line":9,"column":20}},"3":{"start":{"line":13,"column":15},"end":{"line":13,"column":30}},"4":{"start":{"line":16,"column":4},"end":{"line":21,"column":5}},"5":{"start":{"line":17,"column":6},"end":{"line":17,"column":23}},"6":{"start":{"line":18,"column":6},"end":{"line":18,"column":22}},"7":{"start":{"line":20,"column":6},"end":{"line":20,"column":18}},"8":{"start":{"line":23,"column":22},"end":{"line":23,"column":31}},"9":{"start":{"line":24,"column":4},"end":{"line":26,"column":5}},"10":{"start":{"line":25,"column":6},"end":{"line":25,"column":37}},"11":{"start":{"line":28,"column":4},"end":{"line":28,"column":28}},"12":{"start":{"line":29,"column":4},"end":{"line":29,"column":18}},"13":{"start":{"line":31,"column":4},"end":{"line":31,"column":16}},"14":{"start":{"line":35,"column":4},"end":{"line":37,"column":5}},"15":{"start":{"line":36,"column":6},"end":{"line":36,"column":18}},"16":{"start":{"line":39,"column":18},"end":{"line":39,"column":27}},"17":{"start":{"line":40,"column":19},"end":{"line":40,"column":28}},"18":{"start":{"line":42,"column":4},"end":{"line":45,"column":5}},"19":{"start":{"line":43,"column":6},"end":{"line":43,"column":25}},"20":{"start":{"line":44,"column":6},"end":{"line":44,"column":29}},"21":{"start":{"line":47,"column":4},"end":{"line":47,"column":18}},"22":{"start":{"line":48,"column":4},"end":{"line":48,"column":20}},"23":{"start":{"line":52,"column":4},"end":{"line":52,"column":32}},"24":{"start":{"line":56,"column":4},"end":{"line":56,"column":27}},"25":{"start":{"line":61,"column":0},"end":{"line":61,"column":23}}},"fnMap":{"0":{"name":"(anonymous_0)","decl":{"start":{"line":7,"column":2},"end":{"line":7,"column":3}},"loc":{"start":{"line":7,"column":16},"end":{"line":10,"column":3}},"line":7},"1":{"name":"(anonymous_1)","decl":{"start":{"line":12,"column":2},"end":{"line":12,"column":3}},"loc":{"start":{"line":12,"column":14},"end":{"line":32,"column":3}},"line":12},"2":{"name":"(anonymous_2)","decl":{"start":{"line":34,"column":2},"end":{"line":34,"column":3}},"loc":{"start":{"line":34,"column":8},"end":{"line":49,"column":3}},"line":34},"3":{"name":"(anonymous_3)","decl":{"start":{"line":51,"column":2},"end":{"line":51,"column":3}},"loc":{"start":{"line":51,"column":14},"end":{"line":53,"column":3}},"line":51},"4":{"name":"(anonymous_4)","decl":{"start":{"line":55,"column":2},"end":{"line":55,"column":3}},"loc":{"start":{"line":55,"column":19},"end":{"line":57,"column":3}},"line":55}},"branchMap":{"0":{"loc":{"start":{"line":16,"column":4},"end":{"line":21,"column":5}},"type":"if","locations":[{"start":{"line":16,"column":4},"end":{"line":21,"column":5}},{"start":{"line":16,"column":4},"end":{"line":21,"column":5}}],"line":16},"1":{"loc":{"start":{"line":35,"column":4},"end":{"line":37,"column":5}},"type":"if","locations":[{"start":{"line":35,"column":4},"end":{"line":37,"column":5}},{"start":{"line":35,"column":4},"end":{"line":37,"column":5}}],"line":35}},"s":{"0":1,"1":1,"2":1,"3":6,"4":6,"5":1,"6":1,"7":1,"8":5,"9":5,"10":10,"11":5,"12":5,"13":5,"14":6,"15":1,"16":5,"17":5,"18":5,"19":19,"20":19,"21":5,"22":5,"23":1,"24":1,"25":1},"f":{"0":1,"1":6,"2":6,"3":1,"4":1},"b":{"0":[1,5],"1":[1,5]},"_coverageSchema":"332fd63041d2c1bcb487cc26dd0d5f7d97098a6c","hash":"65f2e4ce96ac635ef69664908ad39d8f907f5925"}
}
