TN:
SF:/Users/ovidiuparasca/stacks-and-queues/lib/node.js
FN:4,(anonymous_0)
FNF:1
FNH:1
FNDA:15,(anonymous_0)
DA:5,15
DA:6,15
DA:10,3
LF:3
LH:3
BRF:0
BRH:0
end_of_record
TN:
SF:/Users/ovidiuparasca/stacks-and-queues/lib/queue.js
FN:7,(anonymous_0)
FN:12,(anonymous_1)
FN:34,(anonymous_2)
FN:46,(anonymous_3)
FN:50,(anonymous_4)
FNF:5
FNH:5
FNDA:1,(anonymous_0)
FNDA:8,(anonymous_1)
FNDA:6,(anonymous_2)
FNDA:1,(anonymous_3)
FNDA:1,(anonymous_4)
DA:3,1
DA:8,1
DA:9,1
DA:13,8
DA:16,8
DA:17,2
DA:18,2
DA:20,2
DA:23,6
DA:24,6
DA:25,6
DA:28,6
DA:29,6
DA:31,6
DA:35,6
DA:36,0
DA:39,6
DA:40,6
DA:41,6
DA:43,6
DA:47,1
DA:51,1
DA:55,1
LF:23
LH:22
BRDA:16,0,0,2
BRDA:16,0,1,6
BRDA:35,1,0,0
BRDA:35,1,1,6
BRF:4
BRH:3
end_of_record
TN:
SF:/Users/ovidiuparasca/stacks-and-queues/lib/stack.js
FN:7,(anonymous_0)
FN:12,(anonymous_1)
FN:34,(anonymous_2)
FN:51,(anonymous_3)
FN:55,(anonymous_4)
FNF:5
FNH:5
FNDA:1,(anonymous_0)
FNDA:6,(anonymous_1)
FNDA:6,(anonymous_2)
FNDA:1,(anonymous_3)
FNDA:1,(anonymous_4)
DA:3,1
DA:8,1
DA:9,1
DA:13,6
DA:16,6
DA:17,1
DA:18,1
DA:20,1
DA:23,5
DA:24,5
DA:25,10
DA:28,5
DA:29,5
DA:31,5
DA:35,6
DA:36,1
DA:39,5
DA:40,5
DA:42,5
DA:43,19
DA:44,19
DA:47,5
DA:48,5
DA:52,1
DA:56,1
DA:61,1
LF:26
LH:26
BRDA:16,0,0,1
BRDA:16,0,1,5
BRDA:35,1,0,1
BRDA:35,1,1,5
BRF:4
BRH:4
end_of_record
